{"C:\\Users\\Bereket\\Desktop\\Microverse Javascript\\Js-todo-list-with-functional-programming\\src\\Controllers\\reload.js": {"path":"C:\\Users\\Bereket\\Desktop\\Microverse Javascript\\Js-todo-list-with-functional-programming\\src\\Controllers\\reload.js","statementMap":{"0":{"start":{"line":9,"column":23},"end":{"line":9,"column":83}},"1":{"start":{"line":9,"column":33},"end":{"line":9,"column":83}},"2":{"start":{"line":11,"column":32},"end":{"line":18,"column":1}},"3":{"start":{"line":12,"column":28},"end":{"line":12,"column":72}},"4":{"start":{"line":13,"column":2},"end":{"line":16,"column":3}},"5":{"start":{"line":14,"column":4},"end":{"line":14,"column":70}},"6":{"start":{"line":15,"column":4},"end":{"line":15,"column":39}},"7":{"start":{"line":17,"column":2},"end":{"line":17,"column":43}},"8":{"start":{"line":20,"column":26},"end":{"line":27,"column":1}},"9":{"start":{"line":21,"column":24},"end":{"line":21,"column":64}},"10":{"start":{"line":22,"column":2},"end":{"line":25,"column":3}},"11":{"start":{"line":23,"column":4},"end":{"line":23,"column":62}},"12":{"start":{"line":24,"column":4},"end":{"line":24,"column":35}},"13":{"start":{"line":26,"column":2},"end":{"line":26,"column":39}},"14":{"start":{"line":29,"column":37},"end":{"line":63,"column":1}},"15":{"start":{"line":30,"column":32},"end":{"line":30,"column":83}},"16":{"start":{"line":31,"column":2},"end":{"line":34,"column":3}},"17":{"start":{"line":32,"column":4},"end":{"line":32,"column":78}},"18":{"start":{"line":33,"column":4},"end":{"line":33,"column":43}},"19":{"start":{"line":35,"column":2},"end":{"line":35,"column":25}},"20":{"start":{"line":35,"column":13},"end":{"line":35,"column":25}},"21":{"start":{"line":36,"column":20},"end":{"line":36,"column":32}},"22":{"start":{"line":37,"column":2},"end":{"line":37,"column":47}},"23":{"start":{"line":38,"column":17},"end":{"line":38,"column":29}},"24":{"start":{"line":39,"column":2},"end":{"line":39,"column":69}},"25":{"start":{"line":40,"column":16},"end":{"line":40,"column":27}},"26":{"start":{"line":41,"column":2},"end":{"line":41,"column":24}},"27":{"start":{"line":42,"column":2},"end":{"line":42,"column":31}},"28":{"start":{"line":43,"column":18},"end":{"line":43,"column":28}},"29":{"start":{"line":44,"column":2},"end":{"line":44,"column":51}},"30":{"start":{"line":45,"column":19},"end":{"line":45,"column":30}},"31":{"start":{"line":46,"column":2},"end":{"line":46,"column":53}},"32":{"start":{"line":47,"column":19},"end":{"line":47,"column":30}},"33":{"start":{"line":48,"column":2},"end":{"line":48,"column":30}},"34":{"start":{"line":49,"column":2},"end":{"line":49,"column":37}},"35":{"start":{"line":50,"column":2},"end":{"line":52,"column":3}},"36":{"start":{"line":50,"column":15},"end":{"line":50,"column":16}},"37":{"start":{"line":51,"column":4},"end":{"line":51,"column":37}},"38":{"start":{"line":53,"column":2},"end":{"line":53,"column":51}},"39":{"start":{"line":54,"column":2},"end":{"line":54,"column":52}},"40":{"start":{"line":56,"column":22},"end":{"line":56,"column":34}},"41":{"start":{"line":57,"column":2},"end":{"line":57,"column":47}},"42":{"start":{"line":58,"column":2},"end":{"line":58,"column":43}},"43":{"start":{"line":59,"column":2},"end":{"line":59,"column":40}},"44":{"start":{"line":61,"column":2},"end":{"line":61,"column":42}},"45":{"start":{"line":62,"column":2},"end":{"line":62,"column":14}},"46":{"start":{"line":65,"column":27},"end":{"line":77,"column":1}},"47":{"start":{"line":66,"column":16},"end":{"line":66,"column":48}},"48":{"start":{"line":67,"column":2},"end":{"line":76,"column":7}},"49":{"start":{"line":67,"column":65},"end":{"line":67,"column":79}},"50":{"start":{"line":68,"column":4},"end":{"line":68,"column":44}},"51":{"start":{"line":69,"column":4},"end":{"line":69,"column":16}},"52":{"start":{"line":71,"column":4},"end":{"line":71,"column":44}},"53":{"start":{"line":72,"column":4},"end":{"line":72,"column":51}},"54":{"start":{"line":73,"column":4},"end":{"line":73,"column":35}},"55":{"start":{"line":74,"column":4},"end":{"line":74,"column":32}},"56":{"start":{"line":75,"column":4},"end":{"line":75,"column":16}},"57":{"start":{"line":79,"column":24},"end":{"line":141,"column":1}},"58":{"start":{"line":80,"column":32},"end":{"line":80,"column":83}},"59":{"start":{"line":81,"column":20},"end":{"line":87,"column":4}},"60":{"start":{"line":82,"column":22},"end":{"line":82,"column":37}},"61":{"start":{"line":83,"column":4},"end":{"line":83,"column":33}},"62":{"start":{"line":84,"column":4},"end":{"line":84,"column":29}},"63":{"start":{"line":85,"column":4},"end":{"line":85,"column":81}},"64":{"start":{"line":85,"column":34},"end":{"line":85,"column":81}},"65":{"start":{"line":86,"column":4},"end":{"line":86,"column":21}},"66":{"start":{"line":88,"column":2},"end":{"line":88,"column":39}},"67":{"start":{"line":89,"column":2},"end":{"line":121,"column":11}},"68":{"start":{"line":116,"column":23},"end":{"line":116,"column":36}},"69":{"start":{"line":122,"column":17},"end":{"line":122,"column":32}},"70":{"start":{"line":123,"column":2},"end":{"line":123,"column":27}},"71":{"start":{"line":124,"column":2},"end":{"line":124,"column":44}},"72":{"start":{"line":125,"column":2},"end":{"line":125,"column":28}},"73":{"start":{"line":126,"column":2},"end":{"line":139,"column":5}},"74":{"start":{"line":127,"column":26},"end":{"line":136,"column":5}},"75":{"start":{"line":137,"column":4},"end":{"line":137,"column":57}},"76":{"start":{"line":138,"column":4},"end":{"line":138,"column":32}},"77":{"start":{"line":140,"column":2},"end":{"line":140,"column":44}},"78":{"start":{"line":143,"column":26},"end":{"line":148,"column":1}},"79":{"start":{"line":144,"column":2},"end":{"line":144,"column":14}},"80":{"start":{"line":145,"column":2},"end":{"line":145,"column":33}},"81":{"start":{"line":146,"column":2},"end":{"line":146,"column":30}},"82":{"start":{"line":147,"column":2},"end":{"line":147,"column":30}}},"fnMap":{"0":{"name":"(anonymous_0)","decl":{"start":{"line":9,"column":23},"end":{"line":9,"column":24}},"loc":{"start":{"line":9,"column":33},"end":{"line":9,"column":83}},"line":9},"1":{"name":"(anonymous_1)","decl":{"start":{"line":11,"column":32},"end":{"line":11,"column":33}},"loc":{"start":{"line":11,"column":45},"end":{"line":18,"column":1}},"line":11},"2":{"name":"(anonymous_2)","decl":{"start":{"line":20,"column":26},"end":{"line":20,"column":27}},"loc":{"start":{"line":20,"column":39},"end":{"line":27,"column":1}},"line":20},"3":{"name":"(anonymous_3)","decl":{"start":{"line":29,"column":37},"end":{"line":29,"column":38}},"loc":{"start":{"line":29,"column":45},"end":{"line":63,"column":1}},"line":29},"4":{"name":"(anonymous_4)","decl":{"start":{"line":65,"column":27},"end":{"line":65,"column":28}},"loc":{"start":{"line":65,"column":60},"end":{"line":77,"column":1}},"line":65},"5":{"name":"(anonymous_5)","decl":{"start":{"line":67,"column":56},"end":{"line":67,"column":57}},"loc":{"start":{"line":67,"column":65},"end":{"line":67,"column":79}},"line":67},"6":{"name":"(anonymous_6)","decl":{"start":{"line":67,"column":84},"end":{"line":67,"column":85}},"loc":{"start":{"line":67,"column":90},"end":{"line":70,"column":3}},"line":67},"7":{"name":"(anonymous_7)","decl":{"start":{"line":70,"column":10},"end":{"line":70,"column":11}},"loc":{"start":{"line":70,"column":16},"end":{"line":76,"column":3}},"line":70},"8":{"name":"(anonymous_8)","decl":{"start":{"line":79,"column":24},"end":{"line":79,"column":25}},"loc":{"start":{"line":79,"column":32},"end":{"line":141,"column":1}},"line":79},"9":{"name":"(anonymous_9)","decl":{"start":{"line":81,"column":34},"end":{"line":81,"column":35}},"loc":{"start":{"line":81,"column":44},"end":{"line":87,"column":3}},"line":81},"10":{"name":"(anonymous_10)","decl":{"start":{"line":116,"column":16},"end":{"line":116,"column":17}},"loc":{"start":{"line":116,"column":23},"end":{"line":116,"column":36}},"line":116},"11":{"name":"(anonymous_11)","decl":{"start":{"line":126,"column":35},"end":{"line":126,"column":36}},"loc":{"start":{"line":126,"column":41},"end":{"line":139,"column":3}},"line":126},"12":{"name":"(anonymous_12)","decl":{"start":{"line":143,"column":26},"end":{"line":143,"column":27}},"loc":{"start":{"line":143,"column":33},"end":{"line":148,"column":1}},"line":143}},"branchMap":{"0":{"loc":{"start":{"line":9,"column":33},"end":{"line":9,"column":83}},"type":"binary-expr","locations":[{"start":{"line":9,"column":33},"end":{"line":9,"column":52}},{"start":{"line":9,"column":56},"end":{"line":9,"column":83}}],"line":9},"1":{"loc":{"start":{"line":35,"column":2},"end":{"line":35,"column":25}},"type":"if","locations":[{"start":{"line":35,"column":2},"end":{"line":35,"column":25}},{"start":{"line":35,"column":2},"end":{"line":35,"column":25}}],"line":35},"2":{"loc":{"start":{"line":65,"column":42},"end":{"line":65,"column":55}},"type":"default-arg","locations":[{"start":{"line":65,"column":51},"end":{"line":65,"column":55}}],"line":65},"3":{"loc":{"start":{"line":67,"column":2},"end":{"line":76,"column":6}},"type":"cond-expr","locations":[{"start":{"line":67,"column":83},"end":{"line":70,"column":6}},{"start":{"line":70,"column":9},"end":{"line":76,"column":6}}],"line":67},"4":{"loc":{"start":{"line":67,"column":2},"end":{"line":67,"column":80}},"type":"binary-expr","locations":[{"start":{"line":67,"column":2},"end":{"line":67,"column":23}},{"start":{"line":67,"column":27},"end":{"line":67,"column":80}}],"line":67},"5":{"loc":{"start":{"line":71,"column":4},"end":{"line":71,"column":43}},"type":"cond-expr","locations":[{"start":{"line":71,"column":13},"end":{"line":71,"column":30}},{"start":{"line":71,"column":33},"end":{"line":71,"column":43}}],"line":71},"6":{"loc":{"start":{"line":85,"column":4},"end":{"line":85,"column":81}},"type":"if","locations":[{"start":{"line":85,"column":4},"end":{"line":85,"column":81}},{"start":{"line":85,"column":4},"end":{"line":85,"column":81}}],"line":85}},"s":{"0":1,"1":0,"2":1,"3":0,"4":0,"5":0,"6":0,"7":0,"8":1,"9":0,"10":0,"11":0,"12":0,"13":0,"14":1,"15":0,"16":0,"17":0,"18":0,"19":0,"20":0,"21":0,"22":0,"23":0,"24":0,"25":0,"26":0,"27":0,"28":0,"29":0,"30":0,"31":0,"32":0,"33":0,"34":0,"35":0,"36":0,"37":0,"38":0,"39":0,"40":0,"41":0,"42":0,"43":0,"44":0,"45":0,"46":1,"47":0,"48":0,"49":0,"50":0,"51":0,"52":0,"53":0,"54":0,"55":0,"56":0,"57":1,"58":0,"59":0,"60":0,"61":0,"62":0,"63":0,"64":0,"65":0,"66":0,"67":0,"68":0,"69":0,"70":0,"71":0,"72":0,"73":0,"74":0,"75":0,"76":0,"77":0,"78":1,"79":0,"80":0,"81":0,"82":0},"f":{"0":0,"1":0,"2":0,"3":0,"4":0,"5":0,"6":0,"7":0,"8":0,"9":0,"10":0,"11":0,"12":0},"b":{"0":[0,0],"1":[0,0],"2":[0],"3":[0,0],"4":[0,0],"5":[0,0],"6":[0,0]},"_coverageSchema":"1a1c01bbd47fc00a2c39e90264f33305004495a9","hash":"ef22b42af5ac508ecb0ebdaf61465a9179e09f19"}
,"C:\\Users\\Bereket\\Desktop\\Microverse Javascript\\Js-todo-list-with-functional-programming\\src\\Controllers\\render_object.js": {"path":"C:\\Users\\Bereket\\Desktop\\Microverse Javascript\\Js-todo-list-with-functional-programming\\src\\Controllers\\render_object.js","statementMap":{"0":{"start":{"line":8,"column":22},"end":{"line":50,"column":1}},"1":{"start":{"line":9,"column":24},"end":{"line":9,"column":36}},"2":{"start":{"line":10,"column":2},"end":{"line":10,"column":46}},"3":{"start":{"line":11,"column":2},"end":{"line":48,"column":5}},"4":{"start":{"line":12,"column":27},"end":{"line":12,"column":77}},"5":{"start":{"line":13,"column":30},"end":{"line":13,"column":42}},"6":{"start":{"line":14,"column":4},"end":{"line":14,"column":63}},"7":{"start":{"line":15,"column":4},"end":{"line":15,"column":47}},"8":{"start":{"line":17,"column":26},"end":{"line":17,"column":38}},"9":{"start":{"line":18,"column":4},"end":{"line":18,"column":81}},"10":{"start":{"line":20,"column":4},"end":{"line":44,"column":7}},"11":{"start":{"line":21,"column":21},"end":{"line":21,"column":54}},"12":{"start":{"line":22,"column":6},"end":{"line":24,"column":9}},"13":{"start":{"line":23,"column":8},"end":{"line":23,"column":24}},"14":{"start":{"line":25,"column":25},"end":{"line":25,"column":37}},"15":{"start":{"line":26,"column":6},"end":{"line":26,"column":33}},"16":{"start":{"line":27,"column":41},"end":{"line":27,"column":75}},"17":{"start":{"line":28,"column":6},"end":{"line":28,"column":74}},"18":{"start":{"line":29,"column":6},"end":{"line":29,"column":45}},"19":{"start":{"line":30,"column":6},"end":{"line":30,"column":52}},"20":{"start":{"line":31,"column":6},"end":{"line":34,"column":9}},"21":{"start":{"line":32,"column":8},"end":{"line":32,"column":45}},"22":{"start":{"line":33,"column":8},"end":{"line":33,"column":26}},"23":{"start":{"line":35,"column":6},"end":{"line":38,"column":9}},"24":{"start":{"line":36,"column":8},"end":{"line":36,"column":45}},"25":{"start":{"line":37,"column":8},"end":{"line":37,"column":28}},"26":{"start":{"line":39,"column":6},"end":{"line":39,"column":50}},"27":{"start":{"line":40,"column":27},"end":{"line":40,"column":39}},"28":{"start":{"line":41,"column":6},"end":{"line":41,"column":67}},"29":{"start":{"line":42,"column":6},"end":{"line":42,"column":46}},"30":{"start":{"line":43,"column":6},"end":{"line":43,"column":46}},"31":{"start":{"line":46,"column":4},"end":{"line":46,"column":49}},"32":{"start":{"line":47,"column":4},"end":{"line":47,"column":60}},"33":{"start":{"line":49,"column":2},"end":{"line":49,"column":23}},"34":{"start":{"line":52,"column":25},"end":{"line":59,"column":1}},"35":{"start":{"line":53,"column":24},"end":{"line":53,"column":36}},"36":{"start":{"line":54,"column":2},"end":{"line":54,"column":41}},"37":{"start":{"line":55,"column":2},"end":{"line":55,"column":51}},"38":{"start":{"line":57,"column":2},"end":{"line":57,"column":45}},"39":{"start":{"line":58,"column":2},"end":{"line":58,"column":23}},"40":{"start":{"line":61,"column":16},"end":{"line":101,"column":1}},"41":{"start":{"line":62,"column":20},"end":{"line":62,"column":32}},"42":{"start":{"line":63,"column":2},"end":{"line":63,"column":46}},"43":{"start":{"line":64,"column":21},"end":{"line":64,"column":36}},"44":{"start":{"line":65,"column":17},"end":{"line":65,"column":29}},"45":{"start":{"line":66,"column":2},"end":{"line":66,"column":27}},"46":{"start":{"line":67,"column":2},"end":{"line":67,"column":66}},"47":{"start":{"line":68,"column":17},"end":{"line":68,"column":29}},"48":{"start":{"line":69,"column":2},"end":{"line":69,"column":57}},"49":{"start":{"line":70,"column":16},"end":{"line":70,"column":27}},"50":{"start":{"line":71,"column":2},"end":{"line":71,"column":47}},"51":{"start":{"line":72,"column":18},"end":{"line":72,"column":28}},"52":{"start":{"line":73,"column":2},"end":{"line":73,"column":76}},"53":{"start":{"line":74,"column":19},"end":{"line":74,"column":30}},"54":{"start":{"line":75,"column":2},"end":{"line":75,"column":25}},"55":{"start":{"line":76,"column":2},"end":{"line":78,"column":3}},"56":{"start":{"line":76,"column":15},"end":{"line":76,"column":16}},"57":{"start":{"line":77,"column":4},"end":{"line":77,"column":37}},"58":{"start":{"line":79,"column":2},"end":{"line":79,"column":33}},"59":{"start":{"line":80,"column":2},"end":{"line":80,"column":37}},"60":{"start":{"line":82,"column":21},"end":{"line":82,"column":33}},"61":{"start":{"line":83,"column":2},"end":{"line":83,"column":44}},"62":{"start":{"line":84,"column":37},"end":{"line":84,"column":71}},"63":{"start":{"line":85,"column":2},"end":{"line":85,"column":70}},"64":{"start":{"line":86,"column":2},"end":{"line":86,"column":34}},"65":{"start":{"line":87,"column":2},"end":{"line":87,"column":36}},"66":{"start":{"line":88,"column":2},"end":{"line":90,"column":5}},"67":{"start":{"line":89,"column":4},"end":{"line":89,"column":18}},"68":{"start":{"line":91,"column":2},"end":{"line":93,"column":5}},"69":{"start":{"line":92,"column":4},"end":{"line":92,"column":20}},"70":{"start":{"line":94,"column":2},"end":{"line":94,"column":46}},"71":{"start":{"line":96,"column":2},"end":{"line":98,"column":5}},"72":{"start":{"line":97,"column":4},"end":{"line":97,"column":16}},"73":{"start":{"line":99,"column":2},"end":{"line":99,"column":51}},"74":{"start":{"line":100,"column":2},"end":{"line":100,"column":19}},"75":{"start":{"line":103,"column":25},"end":{"line":110,"column":1}},"76":{"start":{"line":104,"column":20},"end":{"line":104,"column":32}},"77":{"start":{"line":105,"column":24},"end":{"line":105,"column":53}},"78":{"start":{"line":106,"column":2},"end":{"line":108,"column":5}},"79":{"start":{"line":107,"column":4},"end":{"line":107,"column":40}},"80":{"start":{"line":109,"column":2},"end":{"line":109,"column":19}},"81":{"start":{"line":112,"column":21},"end":{"line":119,"column":1}},"82":{"start":{"line":113,"column":20},"end":{"line":113,"column":32}},"83":{"start":{"line":114,"column":20},"end":{"line":114,"column":45}},"84":{"start":{"line":115,"column":2},"end":{"line":117,"column":5}},"85":{"start":{"line":116,"column":4},"end":{"line":116,"column":40}},"86":{"start":{"line":118,"column":2},"end":{"line":118,"column":19}}},"fnMap":{"0":{"name":"(anonymous_0)","decl":{"start":{"line":8,"column":22},"end":{"line":8,"column":23}},"loc":{"start":{"line":8,"column":28},"end":{"line":50,"column":1}},"line":8},"1":{"name":"(anonymous_1)","decl":{"start":{"line":11,"column":17},"end":{"line":11,"column":18}},"loc":{"start":{"line":11,"column":38},"end":{"line":48,"column":3}},"line":11},"2":{"name":"(anonymous_2)","decl":{"start":{"line":20,"column":22},"end":{"line":20,"column":23}},"loc":{"start":{"line":20,"column":35},"end":{"line":44,"column":5}},"line":20},"3":{"name":"(anonymous_3)","decl":{"start":{"line":22,"column":39},"end":{"line":22,"column":40}},"loc":{"start":{"line":22,"column":45},"end":{"line":24,"column":7}},"line":22},"4":{"name":"(anonymous_4)","decl":{"start":{"line":31,"column":43},"end":{"line":31,"column":44}},"loc":{"start":{"line":31,"column":49},"end":{"line":34,"column":7}},"line":31},"5":{"name":"(anonymous_5)","decl":{"start":{"line":35,"column":45},"end":{"line":35,"column":46}},"loc":{"start":{"line":35,"column":51},"end":{"line":38,"column":7}},"line":35},"6":{"name":"(anonymous_6)","decl":{"start":{"line":52,"column":25},"end":{"line":52,"column":26}},"loc":{"start":{"line":52,"column":31},"end":{"line":59,"column":1}},"line":52},"7":{"name":"(anonymous_7)","decl":{"start":{"line":61,"column":16},"end":{"line":61,"column":17}},"loc":{"start":{"line":61,"column":23},"end":{"line":101,"column":1}},"line":61},"8":{"name":"(anonymous_8)","decl":{"start":{"line":88,"column":39},"end":{"line":88,"column":40}},"loc":{"start":{"line":88,"column":45},"end":{"line":90,"column":3}},"line":88},"9":{"name":"(anonymous_9)","decl":{"start":{"line":91,"column":41},"end":{"line":91,"column":42}},"loc":{"start":{"line":91,"column":47},"end":{"line":93,"column":3}},"line":91},"10":{"name":"(anonymous_10)","decl":{"start":{"line":96,"column":39},"end":{"line":96,"column":40}},"loc":{"start":{"line":96,"column":45},"end":{"line":98,"column":3}},"line":96},"11":{"name":"(anonymous_11)","decl":{"start":{"line":103,"column":25},"end":{"line":103,"column":26}},"loc":{"start":{"line":103,"column":31},"end":{"line":110,"column":1}},"line":103},"12":{"name":"(anonymous_12)","decl":{"start":{"line":106,"column":20},"end":{"line":106,"column":21}},"loc":{"start":{"line":106,"column":27},"end":{"line":108,"column":3}},"line":106},"13":{"name":"(anonymous_13)","decl":{"start":{"line":112,"column":21},"end":{"line":112,"column":22}},"loc":{"start":{"line":112,"column":27},"end":{"line":119,"column":1}},"line":112},"14":{"name":"(anonymous_14)","decl":{"start":{"line":115,"column":16},"end":{"line":115,"column":17}},"loc":{"start":{"line":115,"column":23},"end":{"line":117,"column":3}},"line":115}},"branchMap":{},"s":{"0":1,"1":1,"2":1,"3":1,"4":1,"5":1,"6":1,"7":1,"8":1,"9":1,"10":1,"11":0,"12":0,"13":0,"14":0,"15":0,"16":0,"17":0,"18":0,"19":0,"20":0,"21":0,"22":0,"23":0,"24":0,"25":0,"26":0,"27":0,"28":0,"29":0,"30":0,"31":1,"32":1,"33":1,"34":1,"35":1,"36":1,"37":1,"38":1,"39":1,"40":1,"41":0,"42":0,"43":0,"44":0,"45":0,"46":0,"47":0,"48":0,"49":0,"50":0,"51":0,"52":0,"53":0,"54":0,"55":0,"56":0,"57":0,"58":0,"59":0,"60":0,"61":0,"62":0,"63":0,"64":0,"65":0,"66":0,"67":0,"68":0,"69":0,"70":0,"71":0,"72":0,"73":0,"74":0,"75":1,"76":1,"77":1,"78":1,"79":0,"80":1,"81":1,"82":0,"83":0,"84":0,"85":0,"86":0},"f":{"0":1,"1":1,"2":0,"3":0,"4":0,"5":0,"6":1,"7":0,"8":0,"9":0,"10":0,"11":1,"12":0,"13":0,"14":0},"b":{},"_coverageSchema":"1a1c01bbd47fc00a2c39e90264f33305004495a9","hash":"bcba67329352e8133b9147fbb309f3a0df5f9c71"}
,"C:\\Users\\Bereket\\Desktop\\Microverse Javascript\\Js-todo-list-with-functional-programming\\src\\Models\\local_storage.js": {"path":"C:\\Users\\Bereket\\Desktop\\Microverse Javascript\\Js-todo-list-with-functional-programming\\src\\Models\\local_storage.js","statementMap":{"0":{"start":{"line":4,"column":16},"end":{"line":4,"column":131}},"1":{"start":{"line":4,"column":22},"end":{"line":4,"column":131}},"2":{"start":{"line":4,"column":65},"end":{"line":4,"column":89}},"3":{"start":{"line":4,"column":103},"end":{"line":4,"column":130}},"4":{"start":{"line":6,"column":26},"end":{"line":6,"column":73}},"5":{"start":{"line":6,"column":36},"end":{"line":6,"column":73}},"6":{"start":{"line":6,"column":58},"end":{"line":6,"column":72}},"7":{"start":{"line":8,"column":15},"end":{"line":8,"column":72}},"8":{"start":{"line":8,"column":25},"end":{"line":8,"column":72}},"9":{"start":{"line":10,"column":15},"end":{"line":12,"column":1}},"10":{"start":{"line":11,"column":2},"end":{"line":11,"column":51}},"11":{"start":{"line":14,"column":15},"end":{"line":14,"column":59}},"12":{"start":{"line":14,"column":22},"end":{"line":14,"column":59}},"13":{"start":{"line":16,"column":15},"end":{"line":22,"column":1}},"14":{"start":{"line":17,"column":17},"end":{"line":20,"column":4}},"15":{"start":{"line":18,"column":4},"end":{"line":18,"column":15}},"16":{"start":{"line":19,"column":4},"end":{"line":19,"column":15}},"17":{"start":{"line":21,"column":2},"end":{"line":21,"column":16}},"18":{"start":{"line":24,"column":20},"end":{"line":39,"column":1}},"19":{"start":{"line":25,"column":2},"end":{"line":29,"column":7}},"20":{"start":{"line":26,"column":4},"end":{"line":28,"column":5}},"21":{"start":{"line":27,"column":6},"end":{"line":27,"column":25}},"22":{"start":{"line":30,"column":26},"end":{"line":30,"column":35}},"23":{"start":{"line":31,"column":31},"end":{"line":37,"column":4}},"24":{"start":{"line":32,"column":16},"end":{"line":35,"column":5}},"25":{"start":{"line":36,"column":4},"end":{"line":36,"column":15}},"26":{"start":{"line":38,"column":2},"end":{"line":38,"column":30}},"27":{"start":{"line":41,"column":29},"end":{"line":56,"column":1}},"28":{"start":{"line":42,"column":24},"end":{"line":45,"column":5}},"29":{"start":{"line":42,"column":49},"end":{"line":45,"column":4}},"30":{"start":{"line":43,"column":4},"end":{"line":43,"column":35}},"31":{"start":{"line":44,"column":4},"end":{"line":44,"column":18}},"32":{"start":{"line":46,"column":12},"end":{"line":46,"column":14}},"33":{"start":{"line":48,"column":2},"end":{"line":51,"column":5}},"34":{"start":{"line":49,"column":4},"end":{"line":49,"column":26}},"35":{"start":{"line":50,"column":4},"end":{"line":50,"column":16}},"36":{"start":{"line":52,"column":22},"end":{"line":52,"column":83}},"37":{"start":{"line":52,"column":41},"end":{"line":52,"column":82}},"38":{"start":{"line":53,"column":20},"end":{"line":53,"column":97}},"39":{"start":{"line":53,"column":26},"end":{"line":53,"column":97}},"40":{"start":{"line":53,"column":52},"end":{"line":53,"column":96}},"41":{"start":{"line":54,"column":24},"end":{"line":54,"column":101}},"42":{"start":{"line":54,"column":30},"end":{"line":54,"column":101}},"43":{"start":{"line":54,"column":56},"end":{"line":54,"column":100}},"44":{"start":{"line":55,"column":2},"end":{"line":55,"column":38}},"45":{"start":{"line":58,"column":16},"end":{"line":69,"column":1}},"46":{"start":{"line":59,"column":17},"end":{"line":59,"column":30}},"47":{"start":{"line":60,"column":19},"end":{"line":60,"column":47}},"48":{"start":{"line":61,"column":2},"end":{"line":68,"column":7}},"49":{"start":{"line":62,"column":25},"end":{"line":62,"column":41}},"50":{"start":{"line":63,"column":20},"end":{"line":63,"column":47}},"51":{"start":{"line":64,"column":26},"end":{"line":64,"column":41}},"52":{"start":{"line":65,"column":4},"end":{"line":65,"column":36}},"53":{"start":{"line":67,"column":4},"end":{"line":67,"column":29}},"54":{"start":{"line":71,"column":17},"end":{"line":89,"column":1}},"55":{"start":{"line":72,"column":17},"end":{"line":72,"column":33}},"56":{"start":{"line":73,"column":19},"end":{"line":73,"column":50}},"57":{"start":{"line":74,"column":2},"end":{"line":88,"column":15}},"58":{"start":{"line":75,"column":4},"end":{"line":87,"column":5}},"59":{"start":{"line":76,"column":27},"end":{"line":76,"column":43}},"60":{"start":{"line":77,"column":6},"end":{"line":77,"column":48}},"61":{"start":{"line":78,"column":22},"end":{"line":78,"column":49}},"62":{"start":{"line":79,"column":28},"end":{"line":79,"column":43}},"63":{"start":{"line":80,"column":6},"end":{"line":80,"column":38}},"64":{"start":{"line":82,"column":30},"end":{"line":82,"column":69}},"65":{"start":{"line":83,"column":6},"end":{"line":83,"column":46}},"66":{"start":{"line":84,"column":22},"end":{"line":84,"column":37}},"67":{"start":{"line":85,"column":6},"end":{"line":85,"column":55}},"68":{"start":{"line":86,"column":6},"end":{"line":86,"column":25}},"69":{"start":{"line":91,"column":19},"end":{"line":100,"column":1}},"70":{"start":{"line":92,"column":19},"end":{"line":92,"column":44}},"71":{"start":{"line":93,"column":2},"end":{"line":99,"column":15}},"72":{"start":{"line":94,"column":25},"end":{"line":94,"column":41}},"73":{"start":{"line":95,"column":4},"end":{"line":95,"column":35}},"74":{"start":{"line":96,"column":20},"end":{"line":96,"column":32}},"75":{"start":{"line":97,"column":26},"end":{"line":97,"column":41}},"76":{"start":{"line":98,"column":4},"end":{"line":98,"column":36}}},"fnMap":{"0":{"name":"(anonymous_0)","decl":{"start":{"line":4,"column":16},"end":{"line":4,"column":17}},"loc":{"start":{"line":4,"column":22},"end":{"line":4,"column":131}},"line":4},"1":{"name":"(anonymous_1)","decl":{"start":{"line":4,"column":58},"end":{"line":4,"column":59}},"loc":{"start":{"line":4,"column":65},"end":{"line":4,"column":89}},"line":4},"2":{"name":"(anonymous_2)","decl":{"start":{"line":4,"column":96},"end":{"line":4,"column":97}},"loc":{"start":{"line":4,"column":103},"end":{"line":4,"column":130}},"line":4},"3":{"name":"(anonymous_3)","decl":{"start":{"line":6,"column":26},"end":{"line":6,"column":27}},"loc":{"start":{"line":6,"column":36},"end":{"line":6,"column":73}},"line":6},"4":{"name":"(anonymous_4)","decl":{"start":{"line":6,"column":51},"end":{"line":6,"column":52}},"loc":{"start":{"line":6,"column":58},"end":{"line":6,"column":72}},"line":6},"5":{"name":"(anonymous_5)","decl":{"start":{"line":8,"column":15},"end":{"line":8,"column":16}},"loc":{"start":{"line":8,"column":25},"end":{"line":8,"column":72}},"line":8},"6":{"name":"(anonymous_6)","decl":{"start":{"line":10,"column":15},"end":{"line":10,"column":16}},"loc":{"start":{"line":10,"column":31},"end":{"line":12,"column":1}},"line":10},"7":{"name":"(anonymous_7)","decl":{"start":{"line":14,"column":15},"end":{"line":14,"column":16}},"loc":{"start":{"line":14,"column":22},"end":{"line":14,"column":59}},"line":14},"8":{"name":"(anonymous_8)","decl":{"start":{"line":16,"column":15},"end":{"line":16,"column":16}},"loc":{"start":{"line":16,"column":22},"end":{"line":22,"column":1}},"line":16},"9":{"name":"(anonymous_9)","decl":{"start":{"line":17,"column":25},"end":{"line":17,"column":26}},"loc":{"start":{"line":17,"column":37},"end":{"line":20,"column":3}},"line":17},"10":{"name":"(anonymous_10)","decl":{"start":{"line":24,"column":20},"end":{"line":24,"column":21}},"loc":{"start":{"line":24,"column":26},"end":{"line":39,"column":1}},"line":24},"11":{"name":"(anonymous_11)","decl":{"start":{"line":25,"column":3},"end":{"line":25,"column":4}},"loc":{"start":{"line":25,"column":9},"end":{"line":29,"column":3}},"line":25},"12":{"name":"(anonymous_12)","decl":{"start":{"line":31,"column":51},"end":{"line":31,"column":52}},"loc":{"start":{"line":31,"column":58},"end":{"line":37,"column":3}},"line":31},"13":{"name":"(anonymous_13)","decl":{"start":{"line":41,"column":29},"end":{"line":41,"column":30}},"loc":{"start":{"line":41,"column":35},"end":{"line":56,"column":1}},"line":41},"14":{"name":"(anonymous_14)","decl":{"start":{"line":42,"column":42},"end":{"line":42,"column":43}},"loc":{"start":{"line":42,"column":49},"end":{"line":45,"column":4}},"line":42},"15":{"name":"(anonymous_15)","decl":{"start":{"line":42,"column":62},"end":{"line":42,"column":63}},"loc":{"start":{"line":42,"column":72},"end":{"line":45,"column":3}},"line":42},"16":{"name":"(anonymous_16)","decl":{"start":{"line":48,"column":20},"end":{"line":48,"column":21}},"loc":{"start":{"line":48,"column":27},"end":{"line":51,"column":3}},"line":48},"17":{"name":"(anonymous_17)","decl":{"start":{"line":52,"column":31},"end":{"line":52,"column":32}},"loc":{"start":{"line":52,"column":41},"end":{"line":52,"column":82}},"line":52},"18":{"name":"(anonymous_18)","decl":{"start":{"line":53,"column":20},"end":{"line":53,"column":21}},"loc":{"start":{"line":53,"column":26},"end":{"line":53,"column":97}},"line":53},"19":{"name":"(anonymous_19)","decl":{"start":{"line":53,"column":45},"end":{"line":53,"column":46}},"loc":{"start":{"line":53,"column":52},"end":{"line":53,"column":96}},"line":53},"20":{"name":"(anonymous_20)","decl":{"start":{"line":54,"column":24},"end":{"line":54,"column":25}},"loc":{"start":{"line":54,"column":30},"end":{"line":54,"column":101}},"line":54},"21":{"name":"(anonymous_21)","decl":{"start":{"line":54,"column":49},"end":{"line":54,"column":50}},"loc":{"start":{"line":54,"column":56},"end":{"line":54,"column":100}},"line":54},"22":{"name":"(anonymous_22)","decl":{"start":{"line":58,"column":16},"end":{"line":58,"column":17}},"loc":{"start":{"line":58,"column":28},"end":{"line":69,"column":1}},"line":58},"23":{"name":"(anonymous_23)","decl":{"start":{"line":61,"column":40},"end":{"line":61,"column":41}},"loc":{"start":{"line":61,"column":46},"end":{"line":66,"column":3}},"line":61},"24":{"name":"(anonymous_24)","decl":{"start":{"line":66,"column":10},"end":{"line":66,"column":11}},"loc":{"start":{"line":66,"column":16},"end":{"line":68,"column":3}},"line":66},"25":{"name":"(anonymous_25)","decl":{"start":{"line":71,"column":17},"end":{"line":71,"column":18}},"loc":{"start":{"line":71,"column":43},"end":{"line":89,"column":1}},"line":71},"26":{"name":"(anonymous_26)","decl":{"start":{"line":74,"column":43},"end":{"line":74,"column":44}},"loc":{"start":{"line":74,"column":49},"end":{"line":88,"column":3}},"line":74},"27":{"name":"(anonymous_27)","decl":{"start":{"line":91,"column":19},"end":{"line":91,"column":20}},"loc":{"start":{"line":91,"column":26},"end":{"line":100,"column":1}},"line":91},"28":{"name":"(anonymous_28)","decl":{"start":{"line":93,"column":37},"end":{"line":93,"column":38}},"loc":{"start":{"line":93,"column":43},"end":{"line":99,"column":3}},"line":93}},"branchMap":{"0":{"loc":{"start":{"line":26,"column":4},"end":{"line":28,"column":5}},"type":"if","locations":[{"start":{"line":26,"column":4},"end":{"line":28,"column":5}},{"start":{"line":26,"column":4},"end":{"line":28,"column":5}}],"line":26},"1":{"loc":{"start":{"line":61,"column":2},"end":{"line":68,"column":6}},"type":"cond-expr","locations":[{"start":{"line":61,"column":39},"end":{"line":66,"column":6}},{"start":{"line":66,"column":9},"end":{"line":68,"column":6}}],"line":61},"2":{"loc":{"start":{"line":74,"column":2},"end":{"line":88,"column":14}},"type":"cond-expr","locations":[{"start":{"line":74,"column":42},"end":{"line":88,"column":6}},{"start":{"line":88,"column":9},"end":{"line":88,"column":14}}],"line":74},"3":{"loc":{"start":{"line":75,"column":4},"end":{"line":87,"column":5}},"type":"if","locations":[{"start":{"line":75,"column":4},"end":{"line":87,"column":5}},{"start":{"line":75,"column":4},"end":{"line":87,"column":5}}],"line":75},"4":{"loc":{"start":{"line":93,"column":2},"end":{"line":99,"column":14}},"type":"cond-expr","locations":[{"start":{"line":93,"column":36},"end":{"line":99,"column":6}},{"start":{"line":99,"column":9},"end":{"line":99,"column":14}}],"line":93}},"s":{"0":1,"1":4,"2":3,"3":3,"4":1,"5":0,"6":0,"7":1,"8":1,"9":1,"10":0,"11":1,"12":2,"13":1,"14":0,"15":0,"16":0,"17":0,"18":1,"19":2,"20":2,"21":1,"22":2,"23":2,"24":2,"25":2,"26":2,"27":1,"28":1,"29":1,"30":0,"31":0,"32":1,"33":1,"34":1,"35":1,"36":1,"37":0,"38":1,"39":0,"40":0,"41":1,"42":1,"43":0,"44":1,"45":1,"46":0,"47":0,"48":0,"49":0,"50":0,"51":0,"52":0,"53":0,"54":1,"55":0,"56":0,"57":0,"58":0,"59":0,"60":0,"61":0,"62":0,"63":0,"64":0,"65":0,"66":0,"67":0,"68":0,"69":1,"70":0,"71":0,"72":0,"73":0,"74":0,"75":0,"76":0},"f":{"0":4,"1":3,"2":3,"3":0,"4":0,"5":1,"6":0,"7":2,"8":0,"9":0,"10":2,"11":2,"12":2,"13":1,"14":1,"15":0,"16":1,"17":0,"18":0,"19":0,"20":1,"21":0,"22":0,"23":0,"24":0,"25":0,"26":0,"27":0,"28":0},"b":{"0":[1,1],"1":[0,0],"2":[0,0],"3":[0,0],"4":[0,0]},"_coverageSchema":"1a1c01bbd47fc00a2c39e90264f33305004495a9","hash":"711ffac62d82f705dfca259ae8f29e8cfd9f4ca8"}
,"C:\\Users\\Bereket\\Desktop\\Microverse Javascript\\Js-todo-list-with-functional-programming\\src\\Views\\home.js": {"path":"C:\\Users\\Bereket\\Desktop\\Microverse Javascript\\Js-todo-list-with-functional-programming\\src\\Views\\home.js","statementMap":{"0":{"start":{"line":4,"column":21},"end":{"line":21,"column":1}},"1":{"start":{"line":5,"column":18},"end":{"line":5,"column":34}},"2":{"start":{"line":6,"column":2},"end":{"line":6,"column":111}},"3":{"start":{"line":7,"column":13},"end":{"line":7,"column":24}},"4":{"start":{"line":8,"column":2},"end":{"line":8,"column":31}},"5":{"start":{"line":9,"column":2},"end":{"line":9,"column":28}},"6":{"start":{"line":11,"column":13},"end":{"line":11,"column":24}},"7":{"start":{"line":12,"column":2},"end":{"line":12,"column":49}},"8":{"start":{"line":13,"column":2},"end":{"line":13,"column":30}},"9":{"start":{"line":15,"column":22},"end":{"line":15,"column":67}},"10":{"start":{"line":16,"column":2},"end":{"line":16,"column":33}},"11":{"start":{"line":18,"column":2},"end":{"line":18,"column":47}},"12":{"start":{"line":20,"column":2},"end":{"line":20,"column":17}},"13":{"start":{"line":23,"column":22},"end":{"line":54,"column":1}},"14":{"start":{"line":24,"column":18},"end":{"line":24,"column":34}},"15":{"start":{"line":25,"column":2},"end":{"line":25,"column":77}},"16":{"start":{"line":26,"column":15},"end":{"line":26,"column":27}},"17":{"start":{"line":27,"column":2},"end":{"line":27,"column":52}},"18":{"start":{"line":28,"column":14},"end":{"line":28,"column":26}},"19":{"start":{"line":29,"column":2},"end":{"line":29,"column":94}},"20":{"start":{"line":30,"column":15},"end":{"line":37,"column":3}},"21":{"start":{"line":31,"column":20},"end":{"line":31,"column":30}},"22":{"start":{"line":32,"column":4},"end":{"line":32,"column":29}},"23":{"start":{"line":33,"column":4},"end":{"line":33,"column":20}},"24":{"start":{"line":34,"column":4},"end":{"line":34,"column":23}},"25":{"start":{"line":35,"column":4},"end":{"line":35,"column":35}},"26":{"start":{"line":36,"column":4},"end":{"line":36,"column":19}},"27":{"start":{"line":38,"column":27},"end":{"line":38,"column":101}},"28":{"start":{"line":39,"column":2},"end":{"line":39,"column":52}},"29":{"start":{"line":41,"column":21},"end":{"line":41,"column":62}},"30":{"start":{"line":42,"column":2},"end":{"line":42,"column":42}},"31":{"start":{"line":43,"column":2},"end":{"line":43,"column":29}},"32":{"start":{"line":45,"column":18},"end":{"line":45,"column":30}},"33":{"start":{"line":46,"column":2},"end":{"line":46,"column":49}},"34":{"start":{"line":47,"column":2},"end":{"line":47,"column":31}},"35":{"start":{"line":48,"column":2},"end":{"line":48,"column":34}},"36":{"start":{"line":50,"column":2},"end":{"line":50,"column":28}},"37":{"start":{"line":52,"column":2},"end":{"line":52,"column":35}},"38":{"start":{"line":53,"column":2},"end":{"line":53,"column":17}},"39":{"start":{"line":56,"column":21},"end":{"line":69,"column":1}},"40":{"start":{"line":57,"column":18},"end":{"line":57,"column":34}},"41":{"start":{"line":58,"column":2},"end":{"line":58,"column":115}},"42":{"start":{"line":59,"column":17},"end":{"line":59,"column":28}},"43":{"start":{"line":60,"column":2},"end":{"line":60,"column":40}},"44":{"start":{"line":61,"column":2},"end":{"line":61,"column":63}},"45":{"start":{"line":63,"column":35},"end":{"line":63,"column":47}},"46":{"start":{"line":64,"column":2},"end":{"line":64,"column":44}},"47":{"start":{"line":65,"column":2},"end":{"line":65,"column":59}},"48":{"start":{"line":67,"column":2},"end":{"line":67,"column":51}},"49":{"start":{"line":68,"column":2},"end":{"line":68,"column":17}},"50":{"start":{"line":71,"column":13},"end":{"line":73,"column":2}},"51":{"start":{"line":71,"column":20},"end":{"line":73,"column":1}}},"fnMap":{"0":{"name":"(anonymous_0)","decl":{"start":{"line":4,"column":21},"end":{"line":4,"column":22}},"loc":{"start":{"line":4,"column":27},"end":{"line":21,"column":1}},"line":4},"1":{"name":"(anonymous_1)","decl":{"start":{"line":23,"column":22},"end":{"line":23,"column":23}},"loc":{"start":{"line":23,"column":28},"end":{"line":54,"column":1}},"line":23},"2":{"name":"(anonymous_2)","decl":{"start":{"line":30,"column":15},"end":{"line":30,"column":16}},"loc":{"start":{"line":30,"column":29},"end":{"line":37,"column":3}},"line":30},"3":{"name":"(anonymous_3)","decl":{"start":{"line":56,"column":21},"end":{"line":56,"column":22}},"loc":{"start":{"line":56,"column":27},"end":{"line":69,"column":1}},"line":56},"4":{"name":"(anonymous_4)","decl":{"start":{"line":71,"column":13},"end":{"line":71,"column":14}},"loc":{"start":{"line":71,"column":20},"end":{"line":73,"column":1}},"line":71}},"branchMap":{},"s":{"0":1,"1":1,"2":1,"3":1,"4":1,"5":1,"6":1,"7":1,"8":1,"9":1,"10":1,"11":1,"12":1,"13":1,"14":1,"15":1,"16":1,"17":1,"18":1,"19":1,"20":1,"21":2,"22":2,"23":2,"24":2,"25":2,"26":2,"27":1,"28":1,"29":1,"30":1,"31":1,"32":1,"33":1,"34":1,"35":1,"36":1,"37":1,"38":1,"39":1,"40":0,"41":0,"42":0,"43":0,"44":0,"45":0,"46":0,"47":0,"48":0,"49":0,"50":1,"51":1},"f":{"0":1,"1":1,"2":2,"3":0,"4":1},"b":{},"_coverageSchema":"1a1c01bbd47fc00a2c39e90264f33305004495a9","hash":"9b3c6da7a2c09036eb86df81f0ebe18373fb24d6"}
,"C:\\Users\\Bereket\\Desktop\\Microverse Javascript\\Js-todo-list-with-functional-programming\\src\\helpers\\define_object_property.js": {"path":"C:\\Users\\Bereket\\Desktop\\Microverse Javascript\\Js-todo-list-with-functional-programming\\src\\helpers\\define_object_property.js","statementMap":{"0":{"start":{"line":1,"column":15},"end":{"line":10,"column":1}},"1":{"start":{"line":2,"column":20},"end":{"line":2,"column":27}},"2":{"start":{"line":3,"column":2},"end":{"line":8,"column":5}},"3":{"start":{"line":5,"column":6},"end":{"line":5,"column":99}},"4":{"start":{"line":5,"column":40},"end":{"line":5,"column":50}},"5":{"start":{"line":5,"column":69},"end":{"line":5,"column":97}},"6":{"start":{"line":9,"column":2},"end":{"line":9,"column":19}}},"fnMap":{"0":{"name":"(anonymous_0)","decl":{"start":{"line":1,"column":15},"end":{"line":1,"column":16}},"loc":{"start":{"line":1,"column":26},"end":{"line":10,"column":1}},"line":1},"1":{"name":"(anonymous_1)","decl":{"start":{"line":4,"column":4},"end":{"line":4,"column":5}},"loc":{"start":{"line":4,"column":19},"end":{"line":6,"column":5}},"line":4},"2":{"name":"(anonymous_2)","decl":{"start":{"line":5,"column":33},"end":{"line":5,"column":34}},"loc":{"start":{"line":5,"column":40},"end":{"line":5,"column":50}},"line":5},"3":{"name":"(anonymous_3)","decl":{"start":{"line":5,"column":57},"end":{"line":5,"column":58}},"loc":{"start":{"line":5,"column":69},"end":{"line":5,"column":97}},"line":5}},"branchMap":{},"s":{"0":1,"1":22,"2":22,"3":24,"4":81,"5":81,"6":22},"f":{"0":22,"1":24,"2":81,"3":81},"b":{},"_coverageSchema":"1a1c01bbd47fc00a2c39e90264f33305004495a9","hash":"312279f1df7ecc67591a2ae1c6bde0553d2eaaee"}
,"C:\\Users\\Bereket\\Desktop\\Microverse Javascript\\Js-todo-list-with-functional-programming\\src\\helpers\\main_module.js": {"path":"C:\\Users\\Bereket\\Desktop\\Microverse Javascript\\Js-todo-list-with-functional-programming\\src\\helpers\\main_module.js","statementMap":{"0":{"start":{"line":4,"column":19},"end":{"line":61,"column":4}},"1":{"start":{"line":5,"column":24},"end":{"line":11,"column":3}},"2":{"start":{"line":6,"column":22},"end":{"line":6,"column":43}},"3":{"start":{"line":7,"column":4},"end":{"line":7,"column":35}},"4":{"start":{"line":8,"column":4},"end":{"line":8,"column":36}},"5":{"start":{"line":10,"column":4},"end":{"line":10,"column":21}},"6":{"start":{"line":12,"column":13},"end":{"line":17,"column":3}},"7":{"start":{"line":13,"column":20},"end":{"line":13,"column":48}},"8":{"start":{"line":14,"column":4},"end":{"line":14,"column":28}},"9":{"start":{"line":15,"column":4},"end":{"line":15,"column":20}},"10":{"start":{"line":16,"column":4},"end":{"line":16,"column":19}},"11":{"start":{"line":18,"column":32},"end":{"line":29,"column":3}},"12":{"start":{"line":19,"column":32},"end":{"line":19,"column":55}},"13":{"start":{"line":20,"column":4},"end":{"line":20,"column":81}},"14":{"start":{"line":21,"column":17},"end":{"line":21,"column":38}},"15":{"start":{"line":22,"column":4},"end":{"line":22,"column":26}},"16":{"start":{"line":23,"column":4},"end":{"line":23,"column":64}},"17":{"start":{"line":24,"column":4},"end":{"line":24,"column":74}},"18":{"start":{"line":25,"column":4},"end":{"line":25,"column":49}},"19":{"start":{"line":26,"column":4},"end":{"line":26,"column":40}},"20":{"start":{"line":27,"column":4},"end":{"line":27,"column":42}},"21":{"start":{"line":28,"column":4},"end":{"line":28,"column":31}},"22":{"start":{"line":30,"column":26},"end":{"line":35,"column":3}},"23":{"start":{"line":31,"column":26},"end":{"line":31,"column":44}},"24":{"start":{"line":32,"column":4},"end":{"line":32,"column":75}},"25":{"start":{"line":33,"column":4},"end":{"line":33,"column":40}},"26":{"start":{"line":34,"column":4},"end":{"line":34,"column":25}},"27":{"start":{"line":36,"column":22},"end":{"line":57,"column":3}},"28":{"start":{"line":37,"column":22},"end":{"line":37,"column":42}},"29":{"start":{"line":38,"column":4},"end":{"line":38,"column":52}},"30":{"start":{"line":39,"column":22},"end":{"line":39,"column":45}},"31":{"start":{"line":40,"column":4},"end":{"line":40,"column":46}},"32":{"start":{"line":41,"column":4},"end":{"line":41,"column":30}},"33":{"start":{"line":42,"column":4},"end":{"line":42,"column":51}},"34":{"start":{"line":43,"column":4},"end":{"line":43,"column":52}},"35":{"start":{"line":45,"column":17},"end":{"line":45,"column":36}},"36":{"start":{"line":46,"column":4},"end":{"line":46,"column":57}},"37":{"start":{"line":47,"column":4},"end":{"line":47,"column":39}},"38":{"start":{"line":49,"column":18},"end":{"line":52,"column":8}},"39":{"start":{"line":49,"column":48},"end":{"line":49,"column":65}},"40":{"start":{"line":50,"column":6},"end":{"line":50,"column":46}},"41":{"start":{"line":51,"column":6},"end":{"line":51,"column":27}},"42":{"start":{"line":54,"column":4},"end":{"line":54,"column":38}},"43":{"start":{"line":55,"column":4},"end":{"line":55,"column":33}},"44":{"start":{"line":56,"column":4},"end":{"line":56,"column":21}},"45":{"start":{"line":58,"column":2},"end":{"line":60,"column":4}}},"fnMap":{"0":{"name":"(anonymous_0)","decl":{"start":{"line":4,"column":20},"end":{"line":4,"column":21}},"loc":{"start":{"line":4,"column":26},"end":{"line":61,"column":1}},"line":4},"1":{"name":"(anonymous_1)","decl":{"start":{"line":5,"column":24},"end":{"line":5,"column":25}},"loc":{"start":{"line":5,"column":30},"end":{"line":11,"column":3}},"line":5},"2":{"name":"(anonymous_2)","decl":{"start":{"line":12,"column":13},"end":{"line":12,"column":14}},"loc":{"start":{"line":12,"column":21},"end":{"line":17,"column":3}},"line":12},"3":{"name":"(anonymous_3)","decl":{"start":{"line":18,"column":32},"end":{"line":18,"column":33}},"loc":{"start":{"line":18,"column":57},"end":{"line":29,"column":3}},"line":18},"4":{"name":"(anonymous_4)","decl":{"start":{"line":30,"column":26},"end":{"line":30,"column":27}},"loc":{"start":{"line":30,"column":41},"end":{"line":35,"column":3}},"line":30},"5":{"name":"(anonymous_5)","decl":{"start":{"line":36,"column":22},"end":{"line":36,"column":23}},"loc":{"start":{"line":36,"column":49},"end":{"line":57,"column":3}},"line":36},"6":{"name":"(anonymous_6)","decl":{"start":{"line":49,"column":42},"end":{"line":49,"column":43}},"loc":{"start":{"line":49,"column":48},"end":{"line":49,"column":65}},"line":49},"7":{"name":"(anonymous_7)","decl":{"start":{"line":49,"column":72},"end":{"line":49,"column":73}},"loc":{"start":{"line":49,"column":78},"end":{"line":52,"column":5}},"line":49}},"branchMap":{"0":{"loc":{"start":{"line":49,"column":18},"end":{"line":52,"column":8}},"type":"cond-expr","locations":[{"start":{"line":49,"column":41},"end":{"line":49,"column":68}},{"start":{"line":49,"column":71},"end":{"line":52,"column":8}}],"line":49}},"s":{"0":1,"1":1,"2":0,"3":0,"4":0,"5":0,"6":1,"7":22,"8":22,"9":22,"10":22,"11":1,"12":1,"13":1,"14":1,"15":1,"16":1,"17":1,"18":1,"19":1,"20":1,"21":1,"22":1,"23":0,"24":0,"25":0,"26":0,"27":1,"28":2,"29":2,"30":2,"31":2,"32":2,"33":2,"34":2,"35":2,"36":2,"37":2,"38":2,"39":1,"40":1,"41":1,"42":2,"43":2,"44":2,"45":1},"f":{"0":1,"1":0,"2":22,"3":1,"4":0,"5":2,"6":1,"7":1},"b":{"0":[1,1]},"_coverageSchema":"1a1c01bbd47fc00a2c39e90264f33305004495a9","hash":"b28d8395bc67cb5b5c8eec7c4410f7cb5a98b302"}
,"C:\\Users\\Bereket\\Desktop\\Microverse Javascript\\Js-todo-list-with-functional-programming\\src\\helpers\\modals.js": {"path":"C:\\Users\\Bereket\\Desktop\\Microverse Javascript\\Js-todo-list-with-functional-programming\\src\\helpers\\modals.js","statementMap":{"0":{"start":{"line":1,"column":25},"end":{"line":25,"column":11}},"1":{"start":{"line":1,"column":31},"end":{"line":25,"column":11}},"2":{"start":{"line":27,"column":21},"end":{"line":73,"column":7}},"3":{"start":{"line":27,"column":29},"end":{"line":73,"column":7}}},"fnMap":{"0":{"name":"(anonymous_0)","decl":{"start":{"line":1,"column":25},"end":{"line":1,"column":26}},"loc":{"start":{"line":1,"column":31},"end":{"line":25,"column":11}},"line":1},"1":{"name":"(anonymous_1)","decl":{"start":{"line":27,"column":21},"end":{"line":27,"column":22}},"loc":{"start":{"line":27,"column":29},"end":{"line":73,"column":7}},"line":27}},"branchMap":{},"s":{"0":1,"1":1,"2":1,"3":1},"f":{"0":1,"1":1},"b":{},"_coverageSchema":"1a1c01bbd47fc00a2c39e90264f33305004495a9","hash":"9cbee6107f459c57826dbb2fe330164ad6d1aa8c"}
}
