TN:
SF:src\Controllers\reload.js
FN:9,(anonymous_0)
FN:11,(anonymous_1)
FN:20,(anonymous_2)
FN:29,(anonymous_3)
FN:65,(anonymous_4)
FN:67,(anonymous_5)
FN:67,(anonymous_6)
FN:70,(anonymous_7)
FN:79,(anonymous_8)
FN:81,(anonymous_9)
FN:116,(anonymous_10)
FN:126,(anonymous_11)
FN:143,(anonymous_12)
FNF:13
FNH:0
FNDA:0,(anonymous_0)
FNDA:0,(anonymous_1)
FNDA:0,(anonymous_2)
FNDA:0,(anonymous_3)
FNDA:0,(anonymous_4)
FNDA:0,(anonymous_5)
FNDA:0,(anonymous_6)
FNDA:0,(anonymous_7)
FNDA:0,(anonymous_8)
FNDA:0,(anonymous_9)
FNDA:0,(anonymous_10)
FNDA:0,(anonymous_11)
FNDA:0,(anonymous_12)
DA:9,1
DA:11,1
DA:12,0
DA:13,0
DA:14,0
DA:15,0
DA:17,0
DA:20,1
DA:21,0
DA:22,0
DA:23,0
DA:24,0
DA:26,0
DA:29,1
DA:30,0
DA:31,0
DA:32,0
DA:33,0
DA:35,0
DA:36,0
DA:37,0
DA:38,0
DA:39,0
DA:40,0
DA:41,0
DA:42,0
DA:43,0
DA:44,0
DA:45,0
DA:46,0
DA:47,0
DA:48,0
DA:49,0
DA:50,0
DA:51,0
DA:53,0
DA:54,0
DA:56,0
DA:57,0
DA:58,0
DA:59,0
DA:61,0
DA:62,0
DA:65,1
DA:66,0
DA:67,0
DA:68,0
DA:69,0
DA:71,0
DA:72,0
DA:73,0
DA:74,0
DA:75,0
DA:79,1
DA:80,0
DA:81,0
DA:82,0
DA:83,0
DA:84,0
DA:85,0
DA:86,0
DA:88,0
DA:89,0
DA:116,0
DA:122,0
DA:123,0
DA:124,0
DA:125,0
DA:126,0
DA:127,0
DA:137,0
DA:138,0
DA:140,0
DA:143,1
DA:144,0
DA:145,0
DA:146,0
DA:147,0
LF:78
LH:7
BRDA:9,0,0,0
BRDA:9,0,1,0
BRDA:35,1,0,0
BRDA:35,1,1,0
BRDA:65,2,0,0
BRDA:67,3,0,0
BRDA:67,3,1,0
BRDA:67,4,0,0
BRDA:67,4,1,0
BRDA:71,5,0,0
BRDA:71,5,1,0
BRDA:85,6,0,0
BRDA:85,6,1,0
BRF:13
BRH:0
end_of_record
TN:
SF:src\Controllers\render_object.js
FN:8,(anonymous_0)
FN:11,(anonymous_1)
FN:20,(anonymous_2)
FN:22,(anonymous_3)
FN:31,(anonymous_4)
FN:35,(anonymous_5)
FN:52,(anonymous_6)
FN:61,(anonymous_7)
FN:88,(anonymous_8)
FN:91,(anonymous_9)
FN:96,(anonymous_10)
FN:103,(anonymous_11)
FN:106,(anonymous_12)
FN:112,(anonymous_13)
FN:115,(anonymous_14)
FNF:15
FNH:3
FNDA:1,(anonymous_0)
FNDA:1,(anonymous_1)
FNDA:0,(anonymous_2)
FNDA:0,(anonymous_3)
FNDA:0,(anonymous_4)
FNDA:0,(anonymous_5)
FNDA:1,(anonymous_6)
FNDA:0,(anonymous_7)
FNDA:0,(anonymous_8)
FNDA:0,(anonymous_9)
FNDA:0,(anonymous_10)
FNDA:0,(anonymous_11)
FNDA:0,(anonymous_12)
FNDA:0,(anonymous_13)
FNDA:0,(anonymous_14)
DA:8,1
DA:9,1
DA:10,1
DA:11,1
DA:12,1
DA:13,1
DA:14,1
DA:15,1
DA:17,1
DA:18,1
DA:20,1
DA:21,0
DA:22,0
DA:23,0
DA:25,0
DA:26,0
DA:27,0
DA:28,0
DA:29,0
DA:30,0
DA:31,0
DA:32,0
DA:33,0
DA:35,0
DA:36,0
DA:37,0
DA:39,0
DA:40,0
DA:41,0
DA:42,0
DA:43,0
DA:46,1
DA:47,1
DA:49,1
DA:52,1
DA:53,1
DA:54,1
DA:55,1
DA:57,1
DA:58,1
DA:61,1
DA:62,0
DA:63,0
DA:64,0
DA:65,0
DA:66,0
DA:67,0
DA:68,0
DA:69,0
DA:70,0
DA:71,0
DA:72,0
DA:73,0
DA:74,0
DA:75,0
DA:76,0
DA:77,0
DA:79,0
DA:80,0
DA:82,0
DA:83,0
DA:84,0
DA:85,0
DA:86,0
DA:87,0
DA:88,0
DA:89,0
DA:91,0
DA:92,0
DA:94,0
DA:96,0
DA:97,0
DA:99,0
DA:100,0
DA:103,1
DA:104,0
DA:105,0
DA:106,0
DA:107,0
DA:109,0
DA:112,1
DA:113,0
DA:114,0
DA:115,0
DA:116,0
DA:118,0
LF:86
LH:23
BRF:0
BRH:0
end_of_record
TN:
SF:src\Models\local_storage.js
FN:4,(anonymous_0)
FN:4,(anonymous_1)
FN:4,(anonymous_2)
FN:6,(anonymous_3)
FN:6,(anonymous_4)
FN:8,(anonymous_5)
FN:10,(anonymous_6)
FN:14,(anonymous_7)
FN:16,(anonymous_8)
FN:17,(anonymous_9)
FN:24,(anonymous_10)
FN:25,(anonymous_11)
FN:31,(anonymous_12)
FN:41,(anonymous_13)
FN:42,(anonymous_14)
FN:42,(anonymous_15)
FN:48,(anonymous_16)
FN:52,(anonymous_17)
FN:53,(anonymous_18)
FN:53,(anonymous_19)
FN:54,(anonymous_20)
FN:54,(anonymous_21)
FN:58,(anonymous_22)
FN:61,(anonymous_23)
FN:66,(anonymous_24)
FN:71,(anonymous_25)
FN:74,(anonymous_26)
FN:91,(anonymous_27)
FN:93,(anonymous_28)
FNF:29
FNH:8
FNDA:2,(anonymous_0)
FNDA:1,(anonymous_1)
FNDA:1,(anonymous_2)
FNDA:0,(anonymous_3)
FNDA:0,(anonymous_4)
FNDA:1,(anonymous_5)
FNDA:0,(anonymous_6)
FNDA:1,(anonymous_7)
FNDA:0,(anonymous_8)
FNDA:0,(anonymous_9)
FNDA:1,(anonymous_10)
FNDA:1,(anonymous_11)
FNDA:1,(anonymous_12)
FNDA:0,(anonymous_13)
FNDA:0,(anonymous_14)
FNDA:0,(anonymous_15)
FNDA:0,(anonymous_16)
FNDA:0,(anonymous_17)
FNDA:0,(anonymous_18)
FNDA:0,(anonymous_19)
FNDA:0,(anonymous_20)
FNDA:0,(anonymous_21)
FNDA:0,(anonymous_22)
FNDA:0,(anonymous_23)
FNDA:0,(anonymous_24)
FNDA:0,(anonymous_25)
FNDA:0,(anonymous_26)
FNDA:0,(anonymous_27)
FNDA:0,(anonymous_28)
DA:4,2
DA:6,1
DA:8,1
DA:10,1
DA:11,0
DA:14,1
DA:16,1
DA:17,0
DA:18,0
DA:19,0
DA:21,0
DA:24,1
DA:25,1
DA:26,1
DA:27,1
DA:30,1
DA:31,1
DA:32,1
DA:36,1
DA:38,1
DA:41,1
DA:42,0
DA:43,0
DA:44,0
DA:46,0
DA:48,0
DA:49,0
DA:50,0
DA:52,0
DA:53,0
DA:54,0
DA:55,0
DA:58,1
DA:59,0
DA:60,0
DA:61,0
DA:62,0
DA:63,0
DA:64,0
DA:65,0
DA:67,0
DA:71,1
DA:72,0
DA:73,0
DA:74,0
DA:75,0
DA:76,0
DA:77,0
DA:78,0
DA:79,0
DA:80,0
DA:82,0
DA:83,0
DA:84,0
DA:85,0
DA:86,0
DA:91,1
DA:92,0
DA:93,0
DA:94,0
DA:95,0
DA:96,0
DA:97,0
DA:98,0
LF:64
LH:19
BRDA:26,0,0,1
BRDA:26,0,1,0
BRDA:61,1,0,0
BRDA:61,1,1,0
BRDA:74,2,0,0
BRDA:74,2,1,0
BRDA:75,3,0,0
BRDA:75,3,1,0
BRDA:93,4,0,0
BRDA:93,4,1,0
BRF:10
BRH:1
end_of_record
TN:
SF:src\Views\home.js
FN:4,(anonymous_0)
FN:23,(anonymous_1)
FN:30,(anonymous_2)
FN:56,(anonymous_3)
FN:71,(anonymous_4)
FNF:5
FNH:2
FNDA:1,(anonymous_0)
FNDA:0,(anonymous_1)
FNDA:0,(anonymous_2)
FNDA:0,(anonymous_3)
FNDA:1,(anonymous_4)
DA:4,1
DA:5,1
DA:6,1
DA:7,1
DA:8,1
DA:9,1
DA:11,1
DA:12,1
DA:13,1
DA:15,1
DA:16,1
DA:18,1
DA:20,1
DA:23,1
DA:24,0
DA:25,0
DA:26,0
DA:27,0
DA:28,0
DA:29,0
DA:30,0
DA:31,0
DA:32,0
DA:33,0
DA:34,0
DA:35,0
DA:36,0
DA:38,0
DA:39,0
DA:41,0
DA:42,0
DA:43,0
DA:45,0
DA:46,0
DA:47,0
DA:48,0
DA:50,0
DA:52,0
DA:53,0
DA:56,1
DA:57,0
DA:58,0
DA:59,0
DA:60,0
DA:61,0
DA:63,0
DA:64,0
DA:65,0
DA:67,0
DA:68,0
DA:71,1
LF:51
LH:16
BRF:0
BRH:0
end_of_record
TN:
SF:src\helpers\define_object_property.js
FN:1,(anonymous_0)
FN:4,(anonymous_1)
FN:5,(anonymous_2)
FN:5,(anonymous_3)
FNF:4
FNH:4
FNDA:12,(anonymous_0)
FNDA:13,(anonymous_1)
FNDA:44,(anonymous_2)
FNDA:44,(anonymous_3)
DA:1,1
DA:2,12
DA:3,12
DA:5,44
DA:9,12
LF:5
LH:5
BRF:0
BRH:0
end_of_record
TN:
SF:src\helpers\main_module.js
FN:4,(anonymous_0)
FN:5,(anonymous_1)
FN:12,(anonymous_2)
FN:18,(anonymous_3)
FN:30,(anonymous_4)
FN:36,(anonymous_5)
FN:49,(anonymous_6)
FN:49,(anonymous_7)
FNF:8
FNH:5
FNDA:1,(anonymous_0)
FNDA:0,(anonymous_1)
FNDA:12,(anonymous_2)
FNDA:1,(anonymous_3)
FNDA:0,(anonymous_4)
FNDA:1,(anonymous_5)
FNDA:1,(anonymous_6)
FNDA:0,(anonymous_7)
DA:4,1
DA:5,1
DA:6,0
DA:7,0
DA:8,0
DA:10,0
DA:12,1
DA:13,12
DA:14,12
DA:15,12
DA:16,12
DA:18,1
DA:19,1
DA:20,1
DA:21,1
DA:22,1
DA:23,1
DA:24,1
DA:25,1
DA:26,1
DA:27,1
DA:28,1
DA:30,1
DA:31,0
DA:32,0
DA:33,0
DA:34,0
DA:36,1
DA:37,1
DA:38,1
DA:39,1
DA:40,1
DA:41,1
DA:42,1
DA:43,1
DA:45,1
DA:46,1
DA:47,1
DA:49,1
DA:50,0
DA:51,0
DA:54,1
DA:55,1
DA:56,1
DA:58,1
LF:45
LH:35
BRDA:49,0,0,1
BRDA:49,0,1,0
BRF:2
BRH:1
end_of_record
TN:
SF:src\helpers\modals.js
FN:1,(anonymous_0)
FN:27,(anonymous_1)
FNF:2
FNH:1
FNDA:1,(anonymous_0)
FNDA:0,(anonymous_1)
DA:1,1
DA:27,1
LF:2
LH:2
BRF:0
BRH:0
end_of_record
